<?xml version="1.0" encoding="UTF-8"?>
<testng-results skipped="0" failed="0" ignored="0" total="0" passed="0">
  <reporter-output>
  </reporter-output>
  <suite name="Command line suite" duration-ms="8" started-at="2022-03-09T18:19:46 CST" finished-at="2022-03-09T18:19:46 CST">
    <groups>
    </groups>
    <test name="Command line test" duration-ms="8" started-at="2022-03-09T18:19:46 CST" finished-at="2022-03-09T18:19:46 CST">
    </test> <!-- Command line test -->
  </suite> <!-- Command line suite -->
</testng-results>
